[debug] [2019-02-16T11:05:16.925Z] ----------------------------------------------------------------------
[debug] [2019-02-16T11:05:16.928Z] Command:       /usr/local/bin/node /usr/local/bin/firebase deploy
[debug] [2019-02-16T11:05:16.929Z] CLI Version:   6.3.1
[debug] [2019-02-16T11:05:16.929Z] Platform:      darwin
[debug] [2019-02-16T11:05:16.929Z] Node Version:  v10.10.0
[debug] [2019-02-16T11:05:16.938Z] Time:          Sat Feb 16 2019 03:05:16 GMT-0800 (Pacific Standard Time)
[debug] [2019-02-16T11:05:16.938Z] ----------------------------------------------------------------------
[debug] 
[debug] [2019-02-16T11:05:16.987Z] > command requires scopes: ["email","openid","https://www.googleapis.com/auth/cloudplatformprojects.readonly","https://www.googleapis.com/auth/firebase","https://www.googleapis.com/auth/cloud-platform"]
[debug] [2019-02-16T11:05:16.988Z] > authorizing via signed-in user
[debug] [2019-02-16T11:05:16.988Z] [iam] checking project kratner-firebase for permissions ["cloudfunctions.functions.create","cloudfunctions.functions.delete","cloudfunctions.functions.get","cloudfunctions.functions.list","cloudfunctions.functions.update","cloudfunctions.operations.get","datastore.indexes.create","datastore.indexes.delete","datastore.indexes.list","datastore.indexes.update","firebase.projects.get","firebasedatabase.instances.update","firebasehosting.sites.update","firebaserules.releases.create","firebaserules.releases.update","firebaserules.rulesets.create"]
[debug] [2019-02-16T11:05:16.992Z] >>> HTTP REQUEST POST https://cloudresourcemanager.googleapis.com/v1/projects/kratner-firebase:testIamPermissions  

[debug] [2019-02-16T11:05:17.393Z] <<< HTTP RESPONSE 200
[debug] [2019-02-16T11:05:17.396Z] >>> HTTP REQUEST GET https://firebase.googleapis.com/v1beta1/projects/kratner-firebase  
 
[debug] [2019-02-16T11:05:17.622Z] <<< HTTP RESPONSE 200
[info] 
[info] === Deploying to 'kratner-firebase'...
[info] 
[info] i  deploying database, storage, firestore, functions, hosting
[info] Running command: npm --prefix "functions" run lint
[info] Running command: npm --prefix "functions" run build
[info] ✔  functions: Finished running predeploy script.
[info] i  database: checking rules syntax...
[debug] [2019-02-16T11:05:35.990Z] >>> HTTP REQUEST PUT https://kratner-firebase.firebaseio.com/.settings/rules.json?dryRun=true  
 {
  "rules": {
    ".read": "auth != null",
    ".write": "auth != null"
  }
}
[debug] [2019-02-16T11:05:36.274Z] <<< HTTP RESPONSE 200
[info] ✔  database: rules syntax for database kratner-firebase is valid
[debug] [2019-02-16T11:05:36.276Z] >>> HTTP REQUEST GET https://appengine.googleapis.com/v1/apps/kratner-firebase  
 
[debug] [2019-02-16T11:05:36.850Z] <<< HTTP RESPONSE 200
[info] i  storage: checking storage.rules for compilation errors...
[debug] [2019-02-16T11:05:36.857Z] >>> HTTP REQUEST POST https://firebaserules.googleapis.com/v1/projects/kratner-firebase:test  

[debug] [2019-02-16T11:05:37.585Z] <<< HTTP RESPONSE 200
[info] ✔  storage: rules file storage.rules compiled successfully
[info] i  firestore: checking firestore.rules for compilation errors...
[info] i  firestore: reading indexes from firestore.indexes.json...
[debug] [2019-02-16T11:05:37.595Z] >>> HTTP REQUEST POST https://firebaserules.googleapis.com/v1/projects/kratner-firebase:test  

[debug] [2019-02-16T11:05:37.961Z] <<< HTTP RESPONSE 200
[info] ✔  firestore: rules file firestore.rules compiled successfully
[debug] [2019-02-16T11:05:37.965Z] > [functions] package.json contents: {
  "name": "functions",
  "scripts": {
    "lint": "tslint --project tsconfig.json",
    "build": "tsc",
    "serve": "npm run build && firebase serve --only functions",
    "shell": "npm run build && firebase functions:shell",
    "start": "npm run shell",
    "deploy": "firebase deploy --only functions",
    "logs": "firebase functions:log"
  },
  "main": "lib/index.js",
  "dependencies": {
    "firebase-admin": "~7.0.0",
    "firebase-functions": "^2.2.0"
  },
  "devDependencies": {
    "tslint": "^5.12.0",
    "typescript": "^3.2.2"
  },
  "private": true
}
[info] i  functions: ensuring necessary APIs are enabled...
[debug] [2019-02-16T11:05:37.967Z] >>> HTTP REQUEST GET https://servicemanagement.googleapis.com/v1/services/cloudfunctions.googleapis.com/projectSettings/kratner-firebase?view=CONSUMER_VIEW  
 
[debug] [2019-02-16T11:05:37.968Z] >>> HTTP REQUEST GET https://servicemanagement.googleapis.com/v1/services/runtimeconfig.googleapis.com/projectSettings/kratner-firebase?view=CONSUMER_VIEW  
 
[debug] [2019-02-16T11:05:38.814Z] <<< HTTP RESPONSE 200
[debug] [2019-02-16T11:05:38.883Z] <<< HTTP RESPONSE 200
[info] ✔  functions: all necessary APIs are enabled
[debug] [2019-02-16T11:05:38.884Z] >>> HTTP REQUEST GET https://cloudresourcemanager.googleapis.com/v1/projects/kratner-firebase  
 
[debug] [2019-02-16T11:05:39.211Z] <<< HTTP RESPONSE 200
[debug] [2019-02-16T11:05:39.212Z] >>> HTTP REQUEST GET https://mobilesdk-pa.googleapis.com/v1/projects/386299743486:getServerAppConfig  
 
[debug] [2019-02-16T11:05:39.400Z] <<< HTTP RESPONSE 200
[debug] [2019-02-16T11:05:39.402Z] >>> HTTP REQUEST POST https://firebasehosting.googleapis.com/v1beta1/sites/kratner-firebase/versions  

[debug] [2019-02-16T11:05:40.248Z] <<< HTTP RESPONSE 200
[info] i  storage: uploading rules storage.rules...
[debug] [2019-02-16T11:05:40.250Z] >>> HTTP REQUEST POST https://firebaserules.googleapis.com/v1/projects/kratner-firebase/rulesets  

[debug] [2019-02-16T11:05:40.699Z] <<< HTTP RESPONSE 200
[debug] [2019-02-16T11:05:40.700Z] [rules] created ruleset projects/kratner-firebase/rulesets/5cab292f-a6c0-4a1d-87cd-37c365b2579b
[info] i  firestore: uploading rules firestore.rules...
[debug] [2019-02-16T11:05:40.704Z] >>> HTTP REQUEST POST https://firebaserules.googleapis.com/v1/projects/kratner-firebase/rulesets  

[debug] [2019-02-16T11:05:40.705Z] >>> HTTP REQUEST GET https://firestore.googleapis.com/v1beta2/projects/kratner-firebase/databases/(default)/collectionGroups/-/indexes  
 
[debug] [2019-02-16T11:05:41.139Z] <<< HTTP RESPONSE 200
[debug] [2019-02-16T11:05:41.140Z] >>> HTTP REQUEST GET https://firestore.googleapis.com/v1beta2/projects/kratner-firebase/databases/(default)/collectionGroups/-/fields?filter=indexConfig.usesAncestorConfig=false  
 
[debug] [2019-02-16T11:05:41.150Z] <<< HTTP RESPONSE 200
[debug] [2019-02-16T11:05:41.150Z] [rules] created ruleset projects/kratner-firebase/rulesets/8ee481e4-d424-4981-8911-1ce131b19e27
[debug] [2019-02-16T11:05:41.529Z] <<< HTTP RESPONSE 200
[info] ✔  firestore: deployed indexes in firestore.indexes.json successfully
[info] i  functions: preparing functions directory for uploading...
[debug] [2019-02-16T11:05:41.534Z] >>> HTTP REQUEST GET https://runtimeconfig.googleapis.com/v1beta1/projects/kratner-firebase/configs  
 
[debug] [2019-02-16T11:05:41.861Z] <<< HTTP RESPONSE 200
[info] i  hosting[kratner-firebase]: beginning deploy...
[info] i  hosting[kratner-firebase]: found 1377 files in /
[debug] [2019-02-16T11:05:42.433Z] [hosting] hash cache [] load error: lines is not defined
[debug] [2019-02-16T11:05:49.998Z] >>> HTTP REQUEST POST https://firebasehosting.googleapis.com/v1beta1/sites/kratner-firebase/versions/fd8e680f67a73fa2:populateFiles  
 <request body omitted>
[debug] [2019-02-16T11:05:53.558Z] <<< HTTP RESPONSE 200
[debug] [2019-02-16T11:06:18.778Z] [hosting] hash cache [] stored for 1377 files
[debug] [2019-02-16T11:06:18.778Z] [hosting][hash queue][FINAL]
[debug] [2019-02-16T11:06:18.779Z] >>> HTTP REQUEST POST https://firebasehosting.googleapis.com/v1beta1/sites/kratner-firebase/versions/fd8e680f67a73fa2:populateFiles  
 <request body omitted>
[debug] [2019-02-16T11:06:20.375Z] <<< HTTP RESPONSE 200
[debug] [2019-02-16T11:06:20.384Z] [hosting][populate queue][FINAL]
[debug] [2019-02-16T11:06:20.384Z] [hosting] uploads queued: 6
